make --dry-run --always-make --keep-going --print-directory
make: Entering directory `/Users/JoseGF/Documents/cub3d'
mkdir -p bin
gcc -Wall -Werror -Wextra -g -O0 -Imlx -c src/main.c -o bin/main.o
echo '\033[1;35m'"[Creating libgnl]"'\033[1;34m'
/Library/Developer/CommandLineTools/usr/bin/make -C gnl/ --silent
make[1]: Entering directory `/Users/JoseGF/Documents/cub3d/gnl'
gcc  -c get_next_line.c -o get_next_line.o
gcc  -c get_next_line_utils.c -o get_next_line_utils.o
ar rc libgnl.a get_next_line.o get_next_line_utils.o
ranlib libgnl.a
echo libgnl.a" successfully compiled"
make[1]: Leaving directory `/Users/JoseGF/Documents/cub3d/gnl'
echo '\033[1;35m'"[Creating libft]"'\033[1;34m'
/Library/Developer/CommandLineTools/usr/bin/make -C libft/ --silent
make[1]: Entering directory `/Users/JoseGF/Documents/cub3d/libft'
gcc -Wall -Werror -Wextra -c  -c ft_isalnum.c -o ft_isalnum.o
 
gcc -Wall -Werror -Wextra -c  -c ft_isalpha.c -o ft_isalpha.o
gcc -Wall -Werror -Wextra -c  -c ft_isascii.c -o ft_isascii.o
gcc -Wall -Werror -Wextra -c  -c ft_isdigit.c -o ft_isdigit.o
gcc -Wall -Werror -Wextra -c  -c ft_isprint.c -o ft_isprint.o
gcc -Wall -Werror -Wextra -c  -c ft_strlen.c -o ft_strlen.o
gcc -Wall -Werror -Wextra -c  -c ft_memset.c -o ft_memset.o
gcc -Wall -Werror -Wextra -c  -c ft_bzero.c -o ft_bzero.o
gcc -Wall -Werror -Wextra -c  -c ft_memcpy.c -o ft_memcpy.o
gcc -Wall -Werror -Wextra -c  -c ft_memmove.c -o ft_memmove.o
gcc -Wall -Werror -Wextra -c  -c ft_strlcpy.c -o ft_strlcpy.o
gcc -Wall -Werror -Wextra -c  -c ft_strlcat.c -o ft_strlcat.o
gcc -Wall -Werror -Wextra -c  -c ft_tolower.c -o ft_tolower.o
gcc -Wall -Werror -Wextra -c  -c ft_toupper.c -o ft_toupper.o
gcc -Wall -Werror -Wextra -c  -c ft_strchr.c -o ft_strchr.o
gcc -Wall -Werror -Wextra -c  -c ft_strrchr.c -o ft_strrchr.o
gcc -Wall -Werror -Wextra -c  -c ft_strncmp.c -o ft_strncmp.o
gcc -Wall -Werror -Wextra -c  -c ft_memchr.c -o ft_memchr.o
gcc -Wall -Werror -Wextra -c  -c ft_memcmp.c -o ft_memcmp.o
gcc -Wall -Werror -Wextra -c  -c ft_strnstr.c -o ft_strnstr.o
gcc -Wall -Werror -Wextra -c  -c ft_atoi.c -o ft_atoi.o
gcc -Wall -Werror -Wextra -c  -c ft_calloc.c -o ft_calloc.o
gcc -Wall -Werror -Wextra -c  -c ft_strdup.c -o ft_strdup.o
gcc -Wall -Werror -Wextra -c  -c ft_substr.c -o ft_substr.o
gcc -Wall -Werror -Wextra -c  -c ft_strjoin.c -o ft_strjoin.o
gcc -Wall -Werror -Wextra -c  -c ft_strmapi.c -o ft_strmapi.o
gcc -Wall -Werror -Wextra -c  -c ft_split.c -o ft_split.o
gcc -Wall -Werror -Wextra -c  -c ft_putchar_fd.c -o ft_putchar_fd.o
gcc -Wall -Werror -Wextra -c  -c ft_putstr_fd.c -o ft_putstr_fd.o
gcc -Wall -Werror -Wextra -c  -c ft_putendl_fd.c -o ft_putendl_fd.o
gcc -Wall -Werror -Wextra -c  -c ft_putnbr_fd.c -o ft_putnbr_fd.o
gcc -Wall -Werror -Wextra -c  -c ft_strtrim.c -o ft_strtrim.o
gcc -Wall -Werror -Wextra -c  -c ft_itoa.c -o ft_itoa.o
gcc -Wall -Werror -Wextra -c  -c ft_striteri.c -o ft_striteri.o
gcc -Wall -Werror -Wextra -c  -c ft_lstnew.c -o ft_lstnew.o
gcc -Wall -Werror -Wextra -c  -c ft_lstadd_front.c -o ft_lstadd_front.o
gcc -Wall -Werror -Wextra -c  -c ft_lstsize.c -o ft_lstsize.o
gcc -Wall -Werror -Wextra -c  -c ft_lstlast.c -o ft_lstlast.o
gcc -Wall -Werror -Wextra -c  -c ft_lstadd_back.c -o ft_lstadd_back.o
gcc -Wall -Werror -Wextra -c  -c ft_lstdelone.c -o ft_lstdelone.o
gcc -Wall -Werror -Wextra -c  -c ft_lstclear.c -o ft_lstclear.o
gcc -Wall -Werror -Wextra -c  -c ft_lstiter.c -o ft_lstiter.o
gcc -Wall -Werror -Wextra -c  -c ft_lstmap.c -o ft_lstmap.o
ar rc libft.a ft_isalnum.o ft_isalpha.o ft_isascii.o ft_isdigit.o ft_isprint.o ft_strlen.o ft_memset.o ft_bzero.o ft_memcpy.o ft_memmove.o ft_strlcpy.o ft_strlcat.o ft_tolower.o ft_toupper.o ft_strchr.o ft_strrchr.o ft_strncmp.o ft_memchr.o ft_memcmp.o ft_strnstr.o ft_atoi.o ft_calloc.o ft_strdup.o ft_substr.o ft_strjoin.o ft_strmapi.o ft_split.o ft_putchar_fd.o ft_putstr_fd.o ft_putendl_fd.o ft_putnbr_fd.o ft_strtrim.o ft_itoa.o ft_striteri.o ft_lstnew.o ft_lstadd_front.o ft_lstsize.o ft_lstlast.o ft_lstadd_back.o ft_lstdelone.o ft_lstclear.o ft_lstiter.o ft_lstmap.o
ranlib libft.a
echo "libft.a successfully compiled"
make[1]: Leaving directory `/Users/JoseGF/Documents/cub3d/libft'
echo '\033[1;35m'"[Creating cub3D]"'\033[1;34m'
 
gcc -o cub3D bin/main.o -lmlx -framework OpenGL -framework AppKit  -Ignl/ -Lgnl/ -lgnl -Ilibft/ -Llibft/ -lft -o cub3D -fsanitize=address
echo '\033[1;32m'"cub3D: ready to be executed"'\033[1;37m'
make: Leaving directory `/Users/JoseGF/Documents/cub3d'
 
