make all --print-data-base --no-builtin-variables --no-builtin-rules --question
# GNU Make 3.81
# Copyright (C) 2006  Free Software Foundation, Inc.
# This is free software; see the source for copying conditions.
# There is NO warranty; not even for MERCHANTABILITY or FITNESS FOR A
# PARTICULAR PURPOSE.

# This program built for i386-apple-darwin11.3.0
 

# Make data base, printed on Thu Sep 22 10:55:36 2022

# Variables

# automatic
<D = $(patsubst %/,%,$(dir $<))
# automatic
?F = $(notdir $?)
# environment
VSCODE_LOG_NATIVE = false
# automatic
?D = $(patsubst %/,%,$(dir $?))
# automatic
@D = $(patsubst %/,%,$(dir $@))
# automatic
@F = $(notdir $@)
# makefile
CURDIR := /Users/JoseGF/Documents/cub3d
# makefile
 
SHELL = /bin/sh
# makefile (from `Makefile', line 29)
RM = rm -f
# environment
VSCODE_NLS_CONFIG = {"locale":"es","availableLanguages":{"*":"es"},"_languagePackId":"eae11d900af9c06c6da7ac60cedf8cf9.es","_translationsConfigFile":"/Users/JoseGF/Library/Application Support/Code/clp/eae11d900af9c06c6da7ac60cedf8cf9.es/tcf.json","_cacheRoot":"/Users/JoseGF/Library/Application Support/Code/clp/eae11d900af9c06c6da7ac60cedf8cf9.es","_resolvedLanguagePackCoreLocation":"/Users/JoseGF/Library/Application Support/Code/clp/eae11d900af9c06c6da7ac60cedf8cf9.es/30d9c6cd9483b2cc586687151bcbcd635f373630","_corruptedFile":"/Users/JoseGF/Library/Application Support/Code/clp/eae11d900af9c06c6da7ac60cedf8cf9.es/corrupted.info","_languagePackSupport":true}
# environment
_ = /usr/bin/make
# makefile (from `Makefile', line 28)
CFLAGS = -Wall -Werror -Wextra -g -O0
# makefile (from `Makefile', line 9)
BLUE = '\033[1;34m'
# makefile (from `Makefile', line 1)
MAKEFILE_LIST :=  Makefile
# environment
VSCODE_VERBOSE_LOGGING = true
# makefile (from `Makefile', line 40)
LIB_COMPIL = -lmlx -framework OpenGL -framework AppKit $(LIB_FLAGS) $(LIB_GNL) $(LIB_FT) -o $(NAME)
# makefile (from `Makefile', line 25)
OBJS = $(SRCS:%.c=bin/%.o)
# makefile (from `Makefile', line 39)
OBJ_COMPIL = -Imlx -c $< -o $@
# environment
P9K_SSH = 0
# environment
VSCODE_IPC_HOOK_EXTHOST = /var/folders/dw/hshpngy96299cwfj3fthppt80000gn/T/vscode-ipc-ab400741-55aa-4534-955a-b0be86ca05da.sock
# environment
VSCODE_CWD = /
# makefile (from `Makefile', line 13)
LIB_GNL = -I$(LIBGNL_PATH) -L$(LIBGNL_PATH) -lgnl
# environment
PATH = /Users/JoseGF/.brew/bin:/usr/local/bin:/usr/bin:/bin:/usr/sbin:/sbin
# makefile (from `Makefile', line 18)
BIN_PATH = bin/
# environment
VSCODE_LOG_STACK = false
# environment
ELECTRON_RUN_AS_NODE = 1
# default
.FEATURES := target-specific order-only second-expansion else-if archives jobserver check-symlink
# makefile (from `Makefile', line 6)
PURPLE = '\033[1;35m'
# environment
SSH_AUTH_SOCK = /private/tmp/com.apple.launchd.hwVuQgtrCl/Listeners
# automatic
%F = $(notdir $%)
# makefile (from `Makefile', line 14)
LIB_FT = -I$(LIBFT_PATH) -L$(LIBFT_PATH) -lft
# environment
HISTFILESIZE = 1000000000
# environment
VSCODE_PIPE_LOGGING = true
# environment
PWD = /Users/JoseGF/Documents/cub3d
# environment
HISTTIMEFORMAT = [%F %T]
# environment
ORIGINAL_XDG_CURRENT_DESKTOP = undefined
# makefile (from `Makefile', line 5)
GREEN = '\033[1;32m'
# makefile (from `Makefile', line 17)
INCS_PATH = inc/
# environment
VSCODE_AMD_ENTRYPOINT = vs/workbench/api/node/extensionHostProcess
# environment
HOME = /Users/JoseGF
# default
MAKEFILEPATH = $(shell /usr/bin/xcode-select -print-path 2>/dev/null || echo /Developer)/Makefiles
# environment
VSCODE_CODE_CACHE_PATH = /Users/JoseGF/Library/Application Support/Code/CachedData/30d9c6cd9483b2cc586687151bcbcd635f373630
# environment
LOGNAME = JoseGF
# environment
APPLICATION_INSIGHTS_NO_DIAGNOSTIC_CHANNEL = 1
# environment
VSCODE_HANDLES_UNCAUGHT_ERRORS = true
# automatic
^D = $(patsubst %/,%,$(dir $^))
# environment
XPC_FLAGS = 0x0
# environment
HISTFILE = /Users/JoseGF/.zsh_history
# default
MAKE = $(MAKE_COMMAND)
# default
MAKECMDGOALS := all
# makefile (from `Makefile', line 23)
SRCS = main.c
# environment
SHLVL = 1
# makefile (from `Makefile', line 8)
WHITE = '\033[1;37m'
# makefile (from `Makefile', line 27)
CC = gcc
# default
MAKE_VERSION := 3.81
# environment
USER = josgarci
# makefile
.DEFAULT_GOAL := all
# makefile (from `Makefile', line 11)
NAME = cub3D
# automatic
%D = $(patsubst %/,%,$(dir $%))
# default
MAKE_COMMAND := /Library/Developer/CommandLineTools/usr/bin/make
# default
.VARIABLES := 
# environment
TMPDIR = /var/folders/dw/hshpngy96299cwfj3fthppt80000gn/T/
# automatic
*F = $(notdir $*)
# environment
VSCODE_IPC_HOOK = /Users/JoseGF/Library/Application Support/Code/1.68.1-main.sock
# makefile (from `Makefile', line 4)
RED = '\033[1;31m'
# makefile
MAKEFLAGS = Rrqp
# environment
MFLAGS = -Rrqp
# automatic
*D = $(patsubst %/,%,$(dir $*))
# environment
MAIL = josgarci@student.42madrid.com
# environment
XPC_SERVICE_NAME = com.microsoft.VSCode.4144
 
# automatic
+D = $(patsubst %/,%,$(dir $+))
# makefile (from `Makefile', line 7)
YELLOW = '\033[1;33m'
# automatic
+F = $(notdir $+)
# environment
__CF_USER_TEXT_ENCODING = 0x1F5:0x0:0x8
# default
MAKEFILES := 
# automatic
<F = $(notdir $<)
# makefile (from `Makefile', line 16)
SRCS_PATH = src/
# makefile (from `Makefile', line 20)
LIBFT_PATH = libft/
# environment
LC_ALL = C
# makefile (from `Makefile', line 19)
LIBGNL_PATH = gnl/
# automatic
^F = $(notdir $^)
# default
SUFFIXES := 
# environment
HISTSIZE = 1000000000
# default
.INCLUDE_DIRS = /usr/local/include
# environment
MAKELEVEL := 0
# environment
LANG = C
# environment
VSCODE_PID = 7426
# variable set hash-table stats:
# Load=87/1024=8%, Rehash=0, Collisions=4/118=3%

# Pattern-specific Variable Values

# No pattern-specific variable values.

# Directories

# . (device 16777223, inode 12885915643): 16 files, no impossibilities.
# src (device 16777223, inode 12885915959): 3 files, no impossibilities so far.

# 19 files, no impossibilities in 2 directories.

# Implicit Rules

bin/%.o: src/%.c
#  commands to execute (from `Makefile', line 49):
	@mkdir -p bin
	@$(CC) $(CFLAGS) $(OBJ_COMPIL)
	

# 1 implicit rules, 0 (0.0%) terminal.

# Files

all: cub3D
#  Phony target (prerequisite of .PHONY).
#  Command-line target.
#  Implicit rule search has not been done.
#  File does not exist.
#  File has been updated.
#  Successfully updated.
# variable set hash-table stats:
# Load=0/32=0%, Rehash=0, Collisions=0/0=0%

.PHONY: all clean fclean re
#  Implicit rule search has not been done.
#  Modification time never checked.
#  File has not been updated.

cub3D: bin/main.o
#  Implicit rule search has not been done.
#  Last modified 2022-08-31 16:05:32
#  File has been updated.
#  Successfully updated.
# variable set hash-table stats:
# Load=0/32=0%, Rehash=0, Collisions=0/0=0%
#  commands to execute (from `Makefile', line 53):
	@echo $(PURPLE)"[Creating libgnl]"$(BLUE)
	@$(MAKE) -C $(LIBGNL_PATH) --silent
	@echo $(PURPLE)"[Creating libft]"$(BLUE)
	@$(MAKE) -C $(LIBFT_PATH) --silent
	@echo $(PURPLE)"[Creating cub3D]"$(BLUE)
	@$(CC) -o $(NAME) $(OBJS) $(LIB_COMPIL) -fsanitize=address
	@echo $(GREEN)"$(NAME): ready to be executed"$(WHITE)
	

# Not a target:
.SUFFIXES:
#  Implicit rule search has not been done.
#  Modification time never checked.
#  File has not been updated.

# Not a target:
Makefile:
#  Implicit rule search has been done.
#  Last modified 2022-08-25 18:49:34
#  File has been updated.
#  Successfully updated.
# variable set hash-table stats:
# Load=0/32=0%, Rehash=0, Collisions=0/0=0%

fclean: clean
#  Phony target (prerequisite of .PHONY).
#  Implicit rule search has not been done.
#  File does not exist.
#  File has not been updated.
#  commands to execute (from `Makefile', line 69):
	@$(RM) $(NAME)
	@echo $(RED)"[Executable File Deleted]"$(WHITE)
	@$(MAKE) -C $(LIBGNL_PATH) fclean --silent
	@$(MAKE) -C $(LIBFT_PATH) fclean --silent
	

# Not a target:
src/main.c:
#  Implicit rule search has been done.
#  Last modified 2022-08-25 18:49:34
#  File has been updated.
#  Successfully updated.
# variable set hash-table stats:
# Load=0/32=0%, Rehash=0, Collisions=0/0=0%

# Not a target:
.DEFAULT:
#  Implicit rule search has not been done.
#  Modification time never checked.
#  File has not been updated.

re: fclean cub3D
#  Phony target (prerequisite of .PHONY).
#  Implicit rule search has not been done.
#  File does not exist.
#  File has not been updated.

clean:
#  Phony target (prerequisite of .PHONY).
#  Implicit rule search has not been done.
#  File does not exist.
#  File has not been updated.
 
#  commands to execute (from `Makefile', line 62):
	@$(RM) $(OBJS)
	@rm -rf bin/
	@$(MAKE) -C $(LIBGNL_PATH) clean --silent
	@$(MAKE) -C $(LIBFT_PATH) clean --silent
	@echo $(RED)"[Object Files Deleted]"$(WHITE)
	

bin/main.o: src/main.c
#  Implicit rule search has been done.
#  Implicit/static pattern stem: `main'
#  Last modified 2022-08-31 16:05:29
#  File has been updated.
#  Successfully updated.
# variable set hash-table stats:
# Load=0/32=0%, Rehash=0, Collisions=0/0=0%
#  commands to execute (from `Makefile', line 49):
	@mkdir -p bin
	@$(CC) $(CFLAGS) $(OBJ_COMPIL)
	

# files hash-table stats:
# Load=11/1024=1%, Rehash=0, Collisions=0/36=0%
# VPATH Search Paths

# No `vpath' search paths.

# No general (`VPATH' variable) search path.

# # of strings in strcache: 1
# # of strcache buffers: 1
# strcache size: total = 4096 / max = 4096 / min = 4096 / avg = 4096
# strcache free: total = 4087 / max = 4087 / min = 4087 / avg = 4087

# Finished Make data base on Thu Sep 22 10:55:36 2022

 
